<?xml version="1.0" encoding="UTF-8"?>
<!-- Generated by org.testng.reporters.JUnitReportReporter -->
<testsuite hostname="Srinivass-MacBook-Pro.local" failures="0" tests="1" name="SecretCode" time="0.272" errors="0" timestamp="2021-11-25T23:39:57 IST" skipped="0">
  <testcase classname="SecretCode" name="secretCodeWithValiddata" time="0.272"/>
  <system-out/>
</testsuite> <!-- SecretCode -->
