<?xml version="1.0" encoding="UTF-8"?>
<!-- Generated by org.testng.reporters.JUnitReportReporter -->
<testsuite hostname="Srinivass-MacBook-Pro.local" failures="0" tests="1" name="Setup" time="4.678" errors="0" timestamp="2021-12-17T16:40:52 IST" skipped="0">
  <testcase classname="Setup" name="launchBrowser" time="4.678"/>
  <system-out/>
</testsuite> <!-- Setup -->
