<?xml version="1.0" encoding="UTF-8"?>
<!-- Generated by org.testng.reporters.JUnitReportReporter -->
<testsuite hostname="Srinivass-MacBook-Pro.local" failures="0" tests="1" name="Setup" time="3.096" errors="0" timestamp="2021-11-09T18:38:52 IST" skipped="0">
  <testcase classname="Setup" name="launchBrowser" time="3.096"/>
  <system-out/>
</testsuite> <!-- Setup -->
